\BOOKMARK [1][-]{section*.2}{Introduction}{}% 1
\BOOKMARK [1][-]{section*.3}{Simulation}{}% 2
\BOOKMARK [2][-]{section*.4}{Parameters}{section*.3}% 3
\BOOKMARK [2][-]{section*.5}{Structure}{section*.3}% 4
\BOOKMARK [2][-]{section*.6}{Running the program}{section*.3}% 5
\BOOKMARK [1][-]{section*.7}{Basic Features}{}% 6
\BOOKMARK [2][-]{section*.8}{The earth orbits the centre of the Sun}{section*.7}% 7
\BOOKMARK [2][-]{section*.10}{The moon orbits the centre of the Earth}{section*.7}% 8
\BOOKMARK [2][-]{section*.12}{Circular orbits}{section*.7}% 9
\BOOKMARK [2][-]{section*.13}{The Sun, Earth and Moon shown as texture mapped spheres}{section*.7}% 10
\BOOKMARK [2][-]{section*.15}{The Sun, Earth and Moon each spinning on their own axes}{section*.7}% 11
\BOOKMARK [2][-]{section*.18}{The sun shown as a self-illuminated sphere}{section*.7}% 12
\BOOKMARK [2][-]{section*.20}{Earth and Moon lit by a single point light source located at the centre of the Sun}{section*.7}% 13
\BOOKMARK [1][-]{section*.21}{Additional Features}{}% 14
\BOOKMARK [2][-]{section*.22}{User Interface}{section*.21}% 15
\BOOKMARK [2][-]{section*.24}{Synchronous orbital and axial rotation of the Moon}{section*.21}% 16
\BOOKMARK [2][-]{section*.25}{Lighting of the Earth and Moon in Phong shading}{section*.21}% 17
\BOOKMARK [2][-]{section*.26}{Non-illuminated parts of the Earth and Moon to be shown in shadow}{section*.21}% 18
\BOOKMARK [2][-]{section*.27}{Constant tilt of the Earth's axis}{section*.21}% 19
\BOOKMARK [2][-]{section*.28}{Constant tilt of the Moon's orbit}{section*.21}% 20
\BOOKMARK [2][-]{section*.29}{Elliptical Orbits \046 Non-uniform orbital velocities: Kepler's 2nd Law of Planetary Motion}{section*.21}% 21
\BOOKMARK [2][-]{section*.30}{Eclipse Shadows}{section*.21}% 22
\BOOKMARK [2][-]{section*.32}{Other features of my choice}{section*.21}% 23
\BOOKMARK [1][-]{section*.33}{Self Assessment}{}% 24
